-------------------------------------------------------------------------------
Test set: com.google.digitalcoin.core.WalletTest
-------------------------------------------------------------------------------
Tests run: 33, Failures: 0, Errors: 1, Skipped: 0, Time elapsed: 57.859 sec <<< FAILURE!
encryptionDecryptionHomogenousKeys(com.google.digitalcoin.core.WalletTest)  Time elapsed: 1.882 sec  <<< ERROR!
java.lang.ExceptionInInitializerError
	at org.digitalcoinj.wallet.Protos$ScryptParameters.internalGetFieldAccessorTable(Protos.java:5455)
	at com.google.protobuf.GeneratedMessage.getDescriptorForType(GeneratedMessage.java:97)
	at com.google.protobuf.AbstractMessage.equals(AbstractMessage.java:160)
	at com.google.common.base.Objects.equal(Objects.java:58)
	at com.google.digitalcoin.crypto.KeyCrypterScrypt.equals(KeyCrypterScrypt.java:255)
	at com.google.digitalcoin.core.Wallet.addKeys(Wallet.java:2048)
	at com.google.digitalcoin.core.Wallet.addKey(Wallet.java:2027)
	at com.google.digitalcoin.core.WalletTest.encryptionDecryptionHomogenousKeys(WalletTest.java:1186)
	at sun.reflect.NativeMethodAccessorImpl.invoke0(Native Method)
	at sun.reflect.NativeMethodAccessorImpl.invoke(NativeMethodAccessorImpl.java:57)
	at sun.reflect.DelegatingMethodAccessorImpl.invoke(DelegatingMethodAccessorImpl.java:43)
	at java.lang.reflect.Method.invoke(Method.java:616)
	at org.junit.runners.model.FrameworkMethod$1.runReflectiveCall(FrameworkMethod.java:44)
	at org.junit.internal.runners.model.ReflectiveCallable.run(ReflectiveCallable.java:15)
	at org.junit.runners.model.FrameworkMethod.invokeExplosively(FrameworkMethod.java:41)
	at org.junit.internal.runners.statements.InvokeMethod.evaluate(InvokeMethod.java:20)
	at org.junit.internal.runners.statements.RunBefores.evaluate(RunBefores.java:28)
	at org.junit.runners.BlockJUnit4ClassRunner.runNotIgnored(BlockJUnit4ClassRunner.java:79)
	at org.junit.runners.BlockJUnit4ClassRunner.runChild(BlockJUnit4ClassRunner.java:71)
	at org.junit.runners.BlockJUnit4ClassRunner.runChild(BlockJUnit4ClassRunner.java:49)
	at org.junit.runners.ParentRunner$3.run(ParentRunner.java:193)
	at org.junit.runners.ParentRunner$1.schedule(ParentRunner.java:52)
	at org.junit.runners.ParentRunner.runChildren(ParentRunner.java:191)
	at org.junit.runners.ParentRunner.access$000(ParentRunner.java:42)
	at org.junit.runners.ParentRunner$2.evaluate(ParentRunner.java:184)
	at org.junit.runners.ParentRunner.run(ParentRunner.java:236)
	at org.apache.maven.surefire.junit4.JUnit4TestSet.execute(JUnit4TestSet.java:53)
	at org.apache.maven.surefire.junit4.JUnit4Provider.executeTestSet(JUnit4Provider.java:123)
	at org.apache.maven.surefire.junit4.JUnit4Provider.invoke(JUnit4Provider.java:104)
	at sun.reflect.NativeMethodAccessorImpl.invoke0(Native Method)
	at sun.reflect.NativeMethodAccessorImpl.invoke(NativeMethodAccessorImpl.java:57)
	at sun.reflect.DelegatingMethodAccessorImpl.invoke(DelegatingMethodAccessorImpl.java:43)
	at java.lang.reflect.Method.invoke(Method.java:616)
	at org.apache.maven.surefire.util.ReflectionUtils.invokeMethodWithArray(ReflectionUtils.java:164)
	at org.apache.maven.surefire.booter.ProviderFactory$ProviderProxy.invoke(ProviderFactory.java:110)
	at org.apache.maven.surefire.booter.SurefireStarter.invokeProvider(SurefireStarter.java:172)
	at org.apache.maven.surefire.booter.SurefireStarter.runSuitesInProcessWhenForked(SurefireStarter.java:104)
	at org.apache.maven.surefire.booter.ForkedBooter.main(ForkedBooter.java:70)
Caused by: java.lang.IllegalArgumentException: Failed to parse protocol buffer descriptor for generated code.
	at com.google.protobuf.Descriptors$FileDescriptor.internalBuildGeneratedFileFrom(Descriptors.java:286)
	at org.digitalcoinj.wallet.Protos.<clinit>(Protos.java:8444)
	... 38 more
Caused by: com.google.protobuf.InvalidProtocolBufferException: Protocol message end-group tag did not match expected tag.
	at com.google.protobuf.InvalidProtocolBufferException.invalidEndTag(InvalidProtocolBufferException.java:73)
	at com.google.protobuf.CodedInputStream.checkLastTagWas(CodedInputStream.java:124)
	at com.google.protobuf.AbstractMessageLite$Builder.mergeFrom(AbstractMessageLite.java:163)
	at com.google.protobuf.AbstractMessage$Builder.mergeFrom(AbstractMessage.java:716)
	at com.google.protobuf.AbstractMessage$Builder.mergeFrom(AbstractMessage.java:238)
	at com.google.protobuf.AbstractMessageLite$Builder.mergeFrom(AbstractMessageLite.java:153)
	at com.google.protobuf.AbstractMessage$Builder.mergeFrom(AbstractMessage.java:709)
	at com.google.protobuf.DescriptorProtos$FileDescriptorProto.parseFrom(DescriptorProtos.java:1013)
	at com.google.protobuf.Descriptors$FileDescriptor.internalBuildGeneratedFileFrom(Descriptors.java:284)
	... 39 more
