<?xml version="1.0" encoding="UTF-8" ?>
<testsuite failures="0" time="0.254" errors="1" skipped="0" tests="9" name="com.google.digitalcoin.core.BlockTest">
  <properties>
[...]
</properties>
  <testcase time="0" classname="com.google.digitalcoin.core.BlockTest" name="testWork"/>
  <testcase time="0.015" classname="com.google.digitalcoin.core.BlockTest" name="testBlockVerification">
    <error message="Hash is higher than target: f06048b8b2f7c1694c151f52a0e095058c632199688afd5c794bb7fddaa2d2b5 vs 144180000000000000000000000000000000000000000000000000000" type="com.google.digitalcoin.core.VerificationException">com.google.digitalcoin.core.VerificationException: Hash is higher than target: f06048b8b2f7c1694c151f52a0e095058c632199688afd5c794bb7fddaa2d2b5 vs 144180000000000000000000000000000000000000000000000000000
	at com.google.digitalcoin.core.Block.checkProofOfWork(Block.java:625)
	at com.google.digitalcoin.core.Block.verifyHeader(Block.java:746)
	at com.google.digitalcoin.core.Block.verify(Block.java:776)
	at com.google.digitalcoin.core.BlockTest.testBlockVerification(BlockTest.java:54)
	at sun.reflect.NativeMethodAccessorImpl.invoke0(Native Method)
	at sun.reflect.NativeMethodAccessorImpl.invoke(NativeMethodAccessorImpl.java:57)
	at sun.reflect.DelegatingMethodAccessorImpl.invoke(DelegatingMethodAccessorImpl.java:43)
	at java.lang.reflect.Method.invoke(Method.java:616)
	at org.junit.runners.model.FrameworkMethod$1.runReflectiveCall(FrameworkMethod.java:44)
	at org.junit.internal.runners.model.ReflectiveCallable.run(ReflectiveCallable.java:15)
	at org.junit.runners.model.FrameworkMethod.invokeExplosively(FrameworkMethod.java:41)
	at org.junit.internal.runners.statements.InvokeMethod.evaluate(InvokeMethod.java:20)
	at org.junit.runners.BlockJUnit4ClassRunner.runNotIgnored(BlockJUnit4ClassRunner.java:79)
	at org.junit.runners.BlockJUnit4ClassRunner.runChild(BlockJUnit4ClassRunner.java:71)
	at org.junit.runners.BlockJUnit4ClassRunner.runChild(BlockJUnit4ClassRunner.java:49)
	at org.junit.runners.ParentRunner$3.run(ParentRunner.java:193)
	at org.junit.runners.ParentRunner$1.schedule(ParentRunner.java:52)
	at org.junit.runners.ParentRunner.runChildren(ParentRunner.java:191)
	at org.junit.runners.ParentRunner.access$000(ParentRunner.java:42)
	at org.junit.runners.ParentRunner$2.evaluate(ParentRunner.java:184)
	at org.junit.runners.ParentRunner.run(ParentRunner.java:236)
	at org.apache.maven.surefire.junit4.JUnit4TestSet.execute(JUnit4TestSet.java:53)
	at org.apache.maven.surefire.junit4.JUnit4Provider.executeTestSet(JUnit4Provider.java:123)
	at org.apache.maven.surefire.junit4.JUnit4Provider.invoke(JUnit4Provider.java:104)
	at sun.reflect.NativeMethodAccessorImpl.invoke0(Native Method)
	at sun.reflect.NativeMethodAccessorImpl.invoke(NativeMethodAccessorImpl.java:57)
	at sun.reflect.DelegatingMethodAccessorImpl.invoke(DelegatingMethodAccessorImpl.java:43)
	at java.lang.reflect.Method.invoke(Method.java:616)
	at org.apache.maven.surefire.util.ReflectionUtils.invokeMethodWithArray(ReflectionUtils.java:164)
	at org.apache.maven.surefire.booter.ProviderFactory$ProviderProxy.invoke(ProviderFactory.java:110)
	at org.apache.maven.surefire.booter.SurefireStarter.invokeProvider(SurefireStarter.java:172)
	at org.apache.maven.surefire.booter.SurefireStarter.runSuitesInProcessWhenForked(SurefireStarter.java:104)
	at org.apache.maven.surefire.booter.ForkedBooter.main(ForkedBooter.java:70)
</error>
  </testcase>
  <testcase time="0" classname="com.google.digitalcoin.core.BlockTest" name="testDate"/>
  <testcase time="0.078" classname="com.google.digitalcoin.core.BlockTest" name="testProofOfWork"/>
  <testcase time="0.01" classname="com.google.digitalcoin.core.BlockTest" name="testBadTransactions"/>
  <testcase time="0.001" classname="com.google.digitalcoin.core.BlockTest" name="testHeaderParse"/>
  <testcase time="0" classname="com.google.digitalcoin.core.BlockTest" name="testDigitalcoinSerialization"/>
  <testcase time="0.084" classname="com.google.digitalcoin.core.BlockTest" name="testJavaSerialiazation"/>
  <testcase time="0.047" classname="com.google.digitalcoin.core.BlockTest" name="testUpdateLength"/>
</testsuite>