<?xml version="1.0" encoding="UTF-8" ?>
<testsuite failures="1" time="1.639" errors="0" skipped="0" tests="11" name="com.google.digitalcoin.core.PeerGroupTest">
  <properties>
[...]
</properties>
  <testcase time="0.416" classname="com.google.digitalcoin.core.PeerGroupTest" name="peerDiscoveryPolling"/>
  <testcase time="0.13" classname="com.google.digitalcoin.core.PeerGroupTest" name="receiveTxBroadcast"/>
  <testcase time="0.165" classname="com.google.digitalcoin.core.PeerGroupTest" name="singleDownloadPeer1"/>
  <testcase time="0.172" classname="com.google.digitalcoin.core.PeerGroupTest" name="singleDownloadPeer2"/>
  <testcase time="0.126" classname="com.google.digitalcoin.core.PeerGroupTest" name="transactionConfidence"/>
  <testcase time="0.255" classname="com.google.digitalcoin.core.PeerGroupTest" name="announce">
    <failure type="java.lang.AssertionError:">java.lang.AssertionError: 
	at org.junit.Assert.fail(Assert.java:91)
	at org.junit.Assert.assertTrue(Assert.java:43)
	at org.junit.Assert.assertTrue(Assert.java:54)
	at com.google.digitalcoin.core.PeerGroupTest.announce(PeerGroupTest.java:314)
	at sun.reflect.NativeMethodAccessorImpl.invoke0(Native Method)
	at sun.reflect.NativeMethodAccessorImpl.invoke(NativeMethodAccessorImpl.java:57)
	at sun.reflect.DelegatingMethodAccessorImpl.invoke(DelegatingMethodAccessorImpl.java:43)
	at java.lang.reflect.Method.invoke(Method.java:616)
	at org.junit.runners.model.FrameworkMethod$1.runReflectiveCall(FrameworkMethod.java:44)
	at org.junit.internal.runners.model.ReflectiveCallable.run(ReflectiveCallable.java:15)
	at org.junit.runners.model.FrameworkMethod.invokeExplosively(FrameworkMethod.java:41)
	at org.junit.internal.runners.statements.InvokeMethod.evaluate(InvokeMethod.java:20)
	at org.junit.internal.runners.statements.RunBefores.evaluate(RunBefores.java:28)
	at org.junit.internal.runners.statements.RunAfters.evaluate(RunAfters.java:31)
	at org.junit.runners.BlockJUnit4ClassRunner.runNotIgnored(BlockJUnit4ClassRunner.java:79)
	at org.junit.runners.BlockJUnit4ClassRunner.runChild(BlockJUnit4ClassRunner.java:71)
	at org.junit.runners.BlockJUnit4ClassRunner.runChild(BlockJUnit4ClassRunner.java:49)
	at org.junit.runners.ParentRunner$3.run(ParentRunner.java:193)
	at org.junit.runners.ParentRunner$1.schedule(ParentRunner.java:52)
	at org.junit.runners.ParentRunner.runChildren(ParentRunner.java:191)
	at org.junit.runners.ParentRunner.access$000(ParentRunner.java:42)
	at org.junit.runners.ParentRunner$2.evaluate(ParentRunner.java:184)
	at org.junit.runners.ParentRunner.run(ParentRunner.java:236)
	at org.apache.maven.surefire.junit4.JUnit4TestSet.execute(JUnit4TestSet.java:53)
	at org.apache.maven.surefire.junit4.JUnit4Provider.executeTestSet(JUnit4Provider.java:123)
	at org.apache.maven.surefire.junit4.JUnit4Provider.invoke(JUnit4Provider.java:104)
	at sun.reflect.NativeMethodAccessorImpl.invoke0(Native Method)
	at sun.reflect.NativeMethodAccessorImpl.invoke(NativeMethodAccessorImpl.java:57)
	at sun.reflect.DelegatingMethodAccessorImpl.invoke(DelegatingMethodAccessorImpl.java:43)
	at java.lang.reflect.Method.invoke(Method.java:616)
	at org.apache.maven.surefire.util.ReflectionUtils.invokeMethodWithArray(ReflectionUtils.java:164)
	at org.apache.maven.surefire.booter.ProviderFactory$ProviderProxy.invoke(ProviderFactory.java:110)
	at org.apache.maven.surefire.booter.SurefireStarter.invokeProvider(SurefireStarter.java:172)
	at org.apache.maven.surefire.booter.SurefireStarter.runSuitesInProcessWhenForked(SurefireStarter.java:104)
	at org.apache.maven.surefire.booter.ForkedBooter.main(ForkedBooter.java:70)
</failure>
    <system-err>11:14:14 10 AbstractBlockChain.&lt;init&gt;: chain head is at height 0:
v1 block: 
   previous block: 0000000000000000000000000000000000000000000000000000000000000000
   merkle root: 34bc70734305ee2f4c80963445227a14eb931df2ea77034a21ba84f0f66fe6f0
   time: [1381054453] Sun Oct 06 11:14:13 BST 2013
   difficulty target (nBits): 545259519
   nonce: 3

11:14:14 10 PeerGroup.handleNewPeer: [127.0.0.1]:2001: New peer
11:14:14 10 PeerGroup.setDownloadPeer: Setting download peer: [127.0.0.1]:2001
11:14:14 10 PeerGroup.handleNewPeer: [127.0.0.1]:2002: New peer
11:14:14 10 Peer.setBloomFilter: [127.0.0.1]:2002: Sending Bloom filter and querying mempool
11:14:14 10 Wallet.receive: Received tx  for 50.00 WDC: 0ebc46a19a30c0ebbf87dbaffa36e9da000e101433f13063aa9c85ced4f63446
11:14:14 10 Wallet.processTxFromBestChain:   new tx 0ebc46a19a30c0ebbf87dbaffa36e9da000e101433f13063aa9c85ced4f63446 -&gt;unspent
11:14:14 10 Wallet.receive: Balance is now: 50.00
11:14:14 10 Wallet.completeTx: Completing send tx with 1 outputs totalling 1.00
11:14:14 10 Wallet.completeTx:   with 49.00 coins change
11:14:14 10 Wallet.completeTx:   completed b6023fdd2729784e12b09e450df18d9d4696bce1a73dfdeaa6ac76ebeb09d3b5 with 1 inputs
11:14:14 10 Wallet.commitTx: commitTx of b6023fdd2729784e12b09e450df18d9d4696bce1a73dfdeaa6ac76ebeb09d3b5
11:14:14 10 Wallet.maybeMovePool:   0ebc46a19a30c0ebbf87dbaffa36e9da000e101433f13063aa9c85ced4f63446 prevtx &lt;-unspent -&gt;spent
11:14:14 10 Wallet.commitTx: -&gt;pending: b6023fdd2729784e12b09e450df18d9d4696bce1a73dfdeaa6ac76ebeb09d3b5
11:14:14 10 PeerGroup.broadcastTransaction: Waiting for 2 peers required for broadcast ...
11:14:14 10 PeerGroup$7.run: broadcastTransaction: Enough peers, adding b6023fdd2729784e12b09e450df18d9d4696bce1a73dfdeaa6ac76ebeb09d3b5 to the memory pool and sending to [127.0.0.1]:2001
11:14:14 10 PeerGroup$7$1.onConfidenceChanged: broadcastTransaction: TX b6023fdd2729784e12b09e450df18d9d4696bce1a73dfdeaa6ac76ebeb09d3b5 seen by 2 peers
11:14:14 10 PeerGroup$7$1.onConfidenceChanged: broadcastTransaction: b6023fdd2729784e12b09e450df18d9d4696bce1a73dfdeaa6ac76ebeb09d3b5 complete
11:14:14 10 Wallet.receive: Received tx  for -1.00 WDC: b6023fdd2729784e12b09e450df18d9d4696bce1a73dfdeaa6ac76ebeb09d3b5
11:14:14 10 Wallet.receive:   &lt;-pending
11:14:14 10 Wallet.receive:   -&gt;unspent
11:14:14 10 Wallet.receive: Balance is now: 49.00
11:14:14 10 Wallet.completeTx: Completing send tx with 1 outputs totalling 2.00
11:14:14 10 Wallet.completeTx:   with 47.00 coins change
11:14:14 10 Wallet.completeTx:   completed 703ebc67c674a801d9419e5b2853cd57b84c99bcbce9d9c4a74b535af44f6645 with 1 inputs
11:14:14 10 Wallet.commitTx: commitTx of 703ebc67c674a801d9419e5b2853cd57b84c99bcbce9d9c4a74b535af44f6645
11:14:14 10 Wallet.maybeMovePool:   b6023fdd2729784e12b09e450df18d9d4696bce1a73dfdeaa6ac76ebeb09d3b5 prevtx &lt;-unspent -&gt;spent
11:14:14 10 Wallet.commitTx: -&gt;pending: 703ebc67c674a801d9419e5b2853cd57b84c99bcbce9d9c4a74b535af44f6645
11:14:14 10 PeerGroup.announcePendingWalletTransactions: [127.0.0.1]:2001: Announcing 1 pending wallet transactions
11:14:14 10 PeerGroup.announcePendingWalletTransactions: [127.0.0.1]:2002: Announcing 1 pending wallet transactions
11:14:14 10 Peer.setBloomFilter: [127.0.0.1]:2002: Sending Bloom filter and querying mempool
</system-err>
  </testcase>
  <testcase time="0.113" classname="com.google.digitalcoin.core.PeerGroupTest" name="testWalletCatchupTime"/>
  <testcase time="0.031" classname="com.google.digitalcoin.core.PeerGroupTest" name="noPings"/>
  <testcase time="0.144" classname="com.google.digitalcoin.core.PeerGroupTest" name="pings"/>
  <testcase time="0.031" classname="com.google.digitalcoin.core.PeerGroupTest" name="downloadPeerSelection"/>
  <testcase time="0.034" classname="com.google.digitalcoin.core.PeerGroupTest" name="listener"/>
</testsuite>